\BOOKMARK [0][-]{chapter.1}{Introduction}{}% 1
\BOOKMARK [1][-]{section.1.1}{Background}{chapter.1}% 2
\BOOKMARK [1][-]{section.1.2}{Common Antialiasing Approaches}{chapter.1}% 3
\BOOKMARK [1][-]{section.1.3}{Virtual Reality Headmounted Displays}{chapter.1}% 4
\BOOKMARK [0][-]{chapter.2}{Preparation}{}% 5
\BOOKMARK [1][-]{section.2.1}{OpenGL}{chapter.2}% 6
\BOOKMARK [2][-]{subsection.2.1.1}{The OpenGL pipeline}{section.2.1}% 7
\BOOKMARK [1][-]{section.2.2}{Development}{chapter.2}% 8
\BOOKMARK [1][-]{section.2.3}{Software libraries}{chapter.2}% 9
\BOOKMARK [1][-]{section.2.4}{Programming Languages}{chapter.2}% 10
\BOOKMARK [1][-]{section.2.5}{Development Tools}{chapter.2}% 11
\BOOKMARK [2][-]{subsection.2.5.1}{Version Control}{section.2.5}% 12
\BOOKMARK [2][-]{subsection.2.5.2}{Failsafes}{section.2.5}% 13
\BOOKMARK [0][-]{chapter.3}{Implementation}{}% 14
\BOOKMARK [1][-]{section.3.1}{OculusWorldDemo Structure}{chapter.3}% 15
\BOOKMARK [1][-]{section.3.2}{The Render Loop}{chapter.3}% 16
\BOOKMARK [1][-]{section.3.3}{Projection Transformation}{chapter.3}% 17
\BOOKMARK [2][-]{subsection.3.3.1}{Orthographic projection}{section.3.3}% 18
\BOOKMARK [2][-]{subsection.3.3.2}{Perspective projection}{section.3.3}% 19
\BOOKMARK [1][-]{section.3.4}{Drawing the Scene}{chapter.3}% 20
\BOOKMARK [1][-]{section.3.5}{Drawing the scene}{chapter.3}% 21
\BOOKMARK [1][-]{section.3.6}{MultiSample Resolve}{chapter.3}% 22
\BOOKMARK [1][-]{section.3.7}{OpenGL optimisations}{chapter.3}% 23
\BOOKMARK [1][-]{section.3.8}{Amplifying Geometry}{chapter.3}% 24
\BOOKMARK [2][-]{subsection.3.8.1}{The Geometry Shader}{section.3.8}% 25
\BOOKMARK [1][-]{section.3.9}{Extension 1: Foveated Rendering}{chapter.3}% 26
\BOOKMARK [2][-]{subsection.3.9.1}{Recalculating projection}{section.3.9}% 27
\BOOKMARK [1][-]{section.3.10}{Extension 1.5 Non-uniform Texel Density}{chapter.3}% 28
\BOOKMARK [2][-]{subsection.3.10.1}{Blending the }{section.3.10}% 29
\BOOKMARK [1][-]{section.3.11}{Even faster optimisations}{chapter.3}% 30
\BOOKMARK [1][-]{section.3.12}{Tables}{chapter.3}% 31
\BOOKMARK [1][-]{section.3.13}{Adding more complicated graphics}{chapter.3}% 32
\BOOKMARK [0][-]{chapter.4}{Evaluation}{}% 33
\BOOKMARK [1][-]{section.4.1}{Further information}{chapter.4}% 34
\BOOKMARK [0][-]{chapter.5}{Conclusion}{}% 35
\BOOKMARK [0][-]{chapter.5}{Bibliography}{}% 36
\BOOKMARK [0][-]{appendix.A}{Latex source}{}% 37
\BOOKMARK [1][-]{section.A.1}{diss.tex}{appendix.A}% 38
\BOOKMARK [1][-]{section.A.2}{proposal.tex}{appendix.A}% 39
\BOOKMARK [0][-]{appendix.B}{Makefile}{}% 40
\BOOKMARK [1][-]{section.B.1}{makefile}{appendix.B}% 41
\BOOKMARK [1][-]{section.B.2}{refs.bib}{appendix.B}% 42
\BOOKMARK [0][-]{appendix.C}{Project Proposal}{}% 43
